2020/02/25 23:26:54-121 [main] [INFO] org.mongodb.driver.cluster - Cluster created with settings {hosts=[localhost:27017], mode=SINGLE, requiredClusterType=UNKNOWN, serverSelectionTimeout='30000 ms', maxWaitQueueSize=500}
2020/02/25 23:26:54-190 [main] [INFO] org.mongodb.driver.cluster - No server chosen by com.mongodb.async.client.ClientSessionHelper$1@7219ec67 from cluster description ClusterDescription{type=UNKNOWN, connectionMode=SINGLE, serverDescriptions=[ServerDescription{address=localhost:27017, type=UNKNOWN, state=CONNECTING}]}. Waiting for 30000 ms before timing out
2020/02/25 23:26:54-265 [cluster-ClusterId{value='5e56019eb25ea14d2e805f44', description='null'}-localhost:27017] [INFO] org.mongodb.driver.connection - Opened connection [connectionId{localValue:1, serverValue:161}] to localhost:27017
2020/02/25 23:26:54-269 [cluster-ClusterId{value='5e56019eb25ea14d2e805f44', description='null'}-localhost:27017] [INFO] org.mongodb.driver.cluster - Monitor thread successfully connected to server with description ServerDescription{address=localhost:27017, type=STANDALONE, state=CONNECTED, ok=true, version=ServerVersion{versionList=[4, 2, 1]}, minWireVersion=0, maxWireVersion=8, maxDocumentSize=16777216, logicalSessionTimeoutMinutes=30, roundTripTimeNanos=2608985}
2020/02/25 23:26:54-284 [Thread-5] [INFO] org.mongodb.driver.connection - Opened connection [connectionId{localValue:2, serverValue:162}] to localhost:27017
2020/02/25 23:26:54-322 [main] [INFO] System.System$ - supplier log in successful, username: nikhil
2020/02/25 23:26:55-918 [main] [INFO] org.mongodb.driver.cluster - Cluster created with settings {hosts=[localhost:27017], mode=SINGLE, requiredClusterType=UNKNOWN, serverSelectionTimeout='30000 ms', maxWaitQueueSize=500}
2020/02/25 23:26:55-924 [cluster-ClusterId{value='5e56019fb25ea14d2e805f45', description='null'}-localhost:27017] [INFO] org.mongodb.driver.connection - Opened connection [connectionId{localValue:3, serverValue:163}] to localhost:27017
2020/02/25 23:26:55-925 [cluster-ClusterId{value='5e56019fb25ea14d2e805f45', description='null'}-localhost:27017] [INFO] org.mongodb.driver.cluster - Monitor thread successfully connected to server with description ServerDescription{address=localhost:27017, type=STANDALONE, state=CONNECTED, ok=true, version=ServerVersion{versionList=[4, 2, 1]}, minWireVersion=0, maxWireVersion=8, maxDocumentSize=16777216, logicalSessionTimeoutMinutes=30, roundTripTimeNanos=879499}
2020/02/25 23:26:55-942 [main] [INFO] org.apache.kafka.clients.consumer.ConsumerConfig - ConsumerConfig values: 
	auto.commit.interval.ms = 5000
	auto.offset.reset = latest
	bootstrap.servers = [localhost:9092]
	check.crcs = true
	client.dns.lookup = default
	client.id = 
	connections.max.idle.ms = 540000
	default.api.timeout.ms = 60000
	enable.auto.commit = true
	exclude.internal.topics = true
	fetch.max.bytes = 52428800
	fetch.max.wait.ms = 500
	fetch.min.bytes = 1
	group.id = something
	heartbeat.interval.ms = 3000
	interceptor.classes = []
	internal.leave.group.on.close = true
	isolation.level = read_uncommitted
	key.deserializer = class org.apache.kafka.common.serialization.StringDeserializer
	max.partition.fetch.bytes = 1048576
	max.poll.interval.ms = 300000
	max.poll.records = 500
	metadata.max.age.ms = 300000
	metric.reporters = []
	metrics.num.samples = 2
	metrics.recording.level = INFO
	metrics.sample.window.ms = 30000
	partition.assignment.strategy = [class org.apache.kafka.clients.consumer.RangeAssignor]
	receive.buffer.bytes = 65536
	reconnect.backoff.max.ms = 1000
	reconnect.backoff.ms = 50
	request.timeout.ms = 30000
	retry.backoff.ms = 100
	sasl.client.callback.handler.class = null
	sasl.jaas.config = null
	sasl.kerberos.kinit.cmd = /usr/bin/kinit
	sasl.kerberos.min.time.before.relogin = 60000
	sasl.kerberos.service.name = null
	sasl.kerberos.ticket.renew.jitter = 0.05
	sasl.kerberos.ticket.renew.window.factor = 0.8
	sasl.login.callback.handler.class = null
	sasl.login.class = null
	sasl.login.refresh.buffer.seconds = 300
	sasl.login.refresh.min.period.seconds = 60
	sasl.login.refresh.window.factor = 0.8
	sasl.login.refresh.window.jitter = 0.05
	sasl.mechanism = GSSAPI
	security.protocol = PLAINTEXT
	send.buffer.bytes = 131072
	session.timeout.ms = 10000
	ssl.cipher.suites = null
	ssl.enabled.protocols = [TLSv1.2, TLSv1.1, TLSv1]
	ssl.endpoint.identification.algorithm = https
	ssl.key.password = null
	ssl.keymanager.algorithm = SunX509
	ssl.keystore.location = null
	ssl.keystore.password = null
	ssl.keystore.type = JKS
	ssl.protocol = TLS
	ssl.provider = null
	ssl.secure.random.implementation = null
	ssl.trustmanager.algorithm = PKIX
	ssl.truststore.location = null
	ssl.truststore.password = null
	ssl.truststore.type = JKS
	value.deserializer = class org.apache.kafka.common.serialization.StringDeserializer

2020/02/25 23:26:56-73 [main] [INFO] org.apache.kafka.common.utils.AppInfoParser - Kafka version : 2.1.0
2020/02/25 23:26:56-73 [main] [INFO] org.apache.kafka.common.utils.AppInfoParser - Kafka commitId : eec43959745f444f
2020/02/25 23:27:02-958 [main] [INFO] org.apache.kafka.clients.producer.ProducerConfig - ProducerConfig values: 
	acks = 1
	batch.size = 16384
	bootstrap.servers = [localhost:9092]
	buffer.memory = 33554432
	client.dns.lookup = default
	client.id = 
	compression.type = none
	connections.max.idle.ms = 540000
	delivery.timeout.ms = 120000
	enable.idempotence = false
	interceptor.classes = []
	key.serializer = class org.apache.kafka.common.serialization.StringSerializer
	linger.ms = 0
	max.block.ms = 60000
	max.in.flight.requests.per.connection = 5
	max.request.size = 1048576
	metadata.max.age.ms = 300000
	metric.reporters = []
	metrics.num.samples = 2
	metrics.recording.level = INFO
	metrics.sample.window.ms = 30000
	partitioner.class = class org.apache.kafka.clients.producer.internals.DefaultPartitioner
	receive.buffer.bytes = 32768
	reconnect.backoff.max.ms = 1000
	reconnect.backoff.ms = 50
	request.timeout.ms = 30000
	retries = 2147483647
	retry.backoff.ms = 100
	sasl.client.callback.handler.class = null
	sasl.jaas.config = null
	sasl.kerberos.kinit.cmd = /usr/bin/kinit
	sasl.kerberos.min.time.before.relogin = 60000
	sasl.kerberos.service.name = null
	sasl.kerberos.ticket.renew.jitter = 0.05
	sasl.kerberos.ticket.renew.window.factor = 0.8
	sasl.login.callback.handler.class = null
	sasl.login.class = null
	sasl.login.refresh.buffer.seconds = 300
	sasl.login.refresh.min.period.seconds = 60
	sasl.login.refresh.window.factor = 0.8
	sasl.login.refresh.window.jitter = 0.05
	sasl.mechanism = GSSAPI
	security.protocol = PLAINTEXT
	send.buffer.bytes = 131072
	ssl.cipher.suites = null
	ssl.enabled.protocols = [TLSv1.2, TLSv1.1, TLSv1]
	ssl.endpoint.identification.algorithm = https
	ssl.key.password = null
	ssl.keymanager.algorithm = SunX509
	ssl.keystore.location = null
	ssl.keystore.password = null
	ssl.keystore.type = JKS
	ssl.protocol = TLS
	ssl.provider = null
	ssl.secure.random.implementation = null
	ssl.trustmanager.algorithm = PKIX
	ssl.truststore.location = null
	ssl.truststore.password = null
	ssl.truststore.type = JKS
	transaction.timeout.ms = 60000
	transactional.id = null
	value.serializer = class org.apache.kafka.common.serialization.StringSerializer

2020/02/25 23:27:02-977 [main] [INFO] org.apache.kafka.common.utils.AppInfoParser - Kafka version : 2.1.0
2020/02/25 23:27:02-977 [main] [INFO] org.apache.kafka.common.utils.AppInfoParser - Kafka commitId : eec43959745f444f
2020/02/25 23:27:03-634 [kafka-producer-network-thread | producer-1] [INFO] org.apache.kafka.clients.Metadata - Cluster ID: RiYbTyaHQ0qDvoVqD6CmIg
2020/02/25 23:27:04-107 [main] [INFO] org.apache.kafka.clients.producer.KafkaProducer - [Producer clientId=producer-1] Closing the Kafka producer with timeoutMillis = 9223372036854775807 ms.
2020/02/25 23:27:04-185 [main] [INFO] org.apache.kafka.clients.Metadata - Cluster ID: RiYbTyaHQ0qDvoVqD6CmIg
2020/02/25 23:27:04-186 [main] [INFO] org.apache.kafka.clients.consumer.internals.AbstractCoordinator - [Consumer clientId=consumer-1, groupId=something] Discovered group coordinator nikhils-mbp.lan:9092 (id: 2147483647 rack: null)
2020/02/25 23:27:04-188 [main] [INFO] org.apache.kafka.clients.consumer.internals.ConsumerCoordinator - [Consumer clientId=consumer-1, groupId=something] Revoking previously assigned partitions []
2020/02/25 23:27:04-188 [main] [INFO] org.apache.kafka.clients.consumer.internals.AbstractCoordinator - [Consumer clientId=consumer-1, groupId=something] (Re-)joining group
2020/02/25 23:27:04-198 [main] [INFO] org.apache.kafka.clients.consumer.internals.AbstractCoordinator - [Consumer clientId=consumer-1, groupId=something] Successfully joined group with generation 7
2020/02/25 23:27:04-200 [main] [INFO] org.apache.kafka.clients.consumer.internals.ConsumerCoordinator - [Consumer clientId=consumer-1, groupId=something] Setting newly assigned partitions [products-0]
2020/02/25 23:27:04-331 [Thread-8] [INFO] org.mongodb.driver.connection - Opened connection [connectionId{localValue:4, serverValue:164}] to localhost:27017
2020/02/25 23:27:04-823 [main] [INFO] org.apache.kafka.clients.consumer.internals.AbstractCoordinator - [Consumer clientId=consumer-1, groupId=something] Sending LeaveGroup request to coordinator nikhils-mbp.lan:9092 (id: 2147483647 rack: null)
2020/02/25 23:28:13-11 [main] [INFO] org.apache.kafka.clients.consumer.ConsumerConfig - ConsumerConfig values: 
	auto.commit.interval.ms = 5000
	auto.offset.reset = latest
	bootstrap.servers = [localhost:9092]
	check.crcs = true
	client.dns.lookup = default
	client.id = 
	connections.max.idle.ms = 540000
	default.api.timeout.ms = 60000
	enable.auto.commit = true
	exclude.internal.topics = true
	fetch.max.bytes = 52428800
	fetch.max.wait.ms = 500
	fetch.min.bytes = 1
	group.id = something
	heartbeat.interval.ms = 3000
	interceptor.classes = []
	internal.leave.group.on.close = true
	isolation.level = read_uncommitted
	key.deserializer = class org.apache.kafka.common.serialization.StringDeserializer
	max.partition.fetch.bytes = 1048576
	max.poll.interval.ms = 300000
	max.poll.records = 500
	metadata.max.age.ms = 300000
	metric.reporters = []
	metrics.num.samples = 2
	metrics.recording.level = INFO
	metrics.sample.window.ms = 30000
	partition.assignment.strategy = [class org.apache.kafka.clients.consumer.RangeAssignor]
	receive.buffer.bytes = 65536
	reconnect.backoff.max.ms = 1000
	reconnect.backoff.ms = 50
	request.timeout.ms = 30000
	retry.backoff.ms = 100
	sasl.client.callback.handler.class = null
	sasl.jaas.config = null
	sasl.kerberos.kinit.cmd = /usr/bin/kinit
	sasl.kerberos.min.time.before.relogin = 60000
	sasl.kerberos.service.name = null
	sasl.kerberos.ticket.renew.jitter = 0.05
	sasl.kerberos.ticket.renew.window.factor = 0.8
	sasl.login.callback.handler.class = null
	sasl.login.class = null
	sasl.login.refresh.buffer.seconds = 300
	sasl.login.refresh.min.period.seconds = 60
	sasl.login.refresh.window.factor = 0.8
	sasl.login.refresh.window.jitter = 0.05
	sasl.mechanism = GSSAPI
	security.protocol = PLAINTEXT
	send.buffer.bytes = 131072
	session.timeout.ms = 10000
	ssl.cipher.suites = null
	ssl.enabled.protocols = [TLSv1.2, TLSv1.1, TLSv1]
	ssl.endpoint.identification.algorithm = https
	ssl.key.password = null
	ssl.keymanager.algorithm = SunX509
	ssl.keystore.location = null
	ssl.keystore.password = null
	ssl.keystore.type = JKS
	ssl.protocol = TLS
	ssl.provider = null
	ssl.secure.random.implementation = null
	ssl.trustmanager.algorithm = PKIX
	ssl.truststore.location = null
	ssl.truststore.password = null
	ssl.truststore.type = JKS
	value.deserializer = class org.apache.kafka.common.serialization.StringDeserializer

2020/02/25 23:28:13-16 [main] [INFO] org.apache.kafka.common.utils.AppInfoParser - Kafka version : 2.1.0
2020/02/25 23:28:13-16 [main] [INFO] org.apache.kafka.common.utils.AppInfoParser - Kafka commitId : eec43959745f444f
2020/02/25 23:28:26-123 [main] [INFO] org.apache.kafka.clients.producer.ProducerConfig - ProducerConfig values: 
	acks = 1
	batch.size = 16384
	bootstrap.servers = [localhost:9092]
	buffer.memory = 33554432
	client.dns.lookup = default
	client.id = 
	compression.type = none
	connections.max.idle.ms = 540000
	delivery.timeout.ms = 120000
	enable.idempotence = false
	interceptor.classes = []
	key.serializer = class org.apache.kafka.common.serialization.StringSerializer
	linger.ms = 0
	max.block.ms = 60000
	max.in.flight.requests.per.connection = 5
	max.request.size = 1048576
	metadata.max.age.ms = 300000
	metric.reporters = []
	metrics.num.samples = 2
	metrics.recording.level = INFO
	metrics.sample.window.ms = 30000
	partitioner.class = class org.apache.kafka.clients.producer.internals.DefaultPartitioner
	receive.buffer.bytes = 32768
	reconnect.backoff.max.ms = 1000
	reconnect.backoff.ms = 50
	request.timeout.ms = 30000
	retries = 2147483647
	retry.backoff.ms = 100
	sasl.client.callback.handler.class = null
	sasl.jaas.config = null
	sasl.kerberos.kinit.cmd = /usr/bin/kinit
	sasl.kerberos.min.time.before.relogin = 60000
	sasl.kerberos.service.name = null
	sasl.kerberos.ticket.renew.jitter = 0.05
	sasl.kerberos.ticket.renew.window.factor = 0.8
	sasl.login.callback.handler.class = null
	sasl.login.class = null
	sasl.login.refresh.buffer.seconds = 300
	sasl.login.refresh.min.period.seconds = 60
	sasl.login.refresh.window.factor = 0.8
	sasl.login.refresh.window.jitter = 0.05
	sasl.mechanism = GSSAPI
	security.protocol = PLAINTEXT
	send.buffer.bytes = 131072
	ssl.cipher.suites = null
	ssl.enabled.protocols = [TLSv1.2, TLSv1.1, TLSv1]
	ssl.endpoint.identification.algorithm = https
	ssl.key.password = null
	ssl.keymanager.algorithm = SunX509
	ssl.keystore.location = null
	ssl.keystore.password = null
	ssl.keystore.type = JKS
	ssl.protocol = TLS
	ssl.provider = null
	ssl.secure.random.implementation = null
	ssl.trustmanager.algorithm = PKIX
	ssl.truststore.location = null
	ssl.truststore.password = null
	ssl.truststore.type = JKS
	transaction.timeout.ms = 60000
	transactional.id = null
	value.serializer = class org.apache.kafka.common.serialization.StringSerializer

2020/02/25 23:28:26-128 [main] [INFO] org.apache.kafka.common.utils.AppInfoParser - Kafka version : 2.1.0
2020/02/25 23:28:26-129 [main] [INFO] org.apache.kafka.common.utils.AppInfoParser - Kafka commitId : eec43959745f444f
2020/02/25 23:28:26-433 [kafka-producer-network-thread | producer-2] [INFO] org.apache.kafka.clients.Metadata - Cluster ID: RiYbTyaHQ0qDvoVqD6CmIg
2020/02/25 23:28:27-491 [main] [INFO] org.apache.kafka.clients.producer.KafkaProducer - [Producer clientId=producer-2] Closing the Kafka producer with timeoutMillis = 9223372036854775807 ms.
2020/02/25 23:28:27-501 [main] [INFO] org.apache.kafka.clients.Metadata - Cluster ID: RiYbTyaHQ0qDvoVqD6CmIg
2020/02/25 23:28:27-501 [main] [INFO] org.apache.kafka.clients.consumer.internals.AbstractCoordinator - [Consumer clientId=consumer-2, groupId=something] Discovered group coordinator nikhils-mbp.lan:9092 (id: 2147483647 rack: null)
2020/02/25 23:28:27-502 [main] [INFO] org.apache.kafka.clients.consumer.internals.ConsumerCoordinator - [Consumer clientId=consumer-2, groupId=something] Revoking previously assigned partitions []
2020/02/25 23:28:27-502 [main] [INFO] org.apache.kafka.clients.consumer.internals.AbstractCoordinator - [Consumer clientId=consumer-2, groupId=something] (Re-)joining group
2020/02/25 23:28:27-507 [main] [INFO] org.apache.kafka.clients.consumer.internals.AbstractCoordinator - [Consumer clientId=consumer-2, groupId=something] Successfully joined group with generation 9
2020/02/25 23:28:27-508 [main] [INFO] org.apache.kafka.clients.consumer.internals.ConsumerCoordinator - [Consumer clientId=consumer-2, groupId=something] Setting newly assigned partitions [products-0]
2020/02/25 23:28:30-608 [main] [INFO] org.apache.kafka.clients.consumer.internals.AbstractCoordinator - [Consumer clientId=consumer-2, groupId=something] Sending LeaveGroup request to coordinator nikhils-mbp.lan:9092 (id: 2147483647 rack: null)
2020/02/25 23:30:35-197 [main] [INFO] org.apache.kafka.clients.consumer.ConsumerConfig - ConsumerConfig values: 
	auto.commit.interval.ms = 5000
	auto.offset.reset = latest
	bootstrap.servers = [localhost:9092]
	check.crcs = true
	client.dns.lookup = default
	client.id = 
	connections.max.idle.ms = 540000
	default.api.timeout.ms = 60000
	enable.auto.commit = true
	exclude.internal.topics = true
	fetch.max.bytes = 52428800
	fetch.max.wait.ms = 500
	fetch.min.bytes = 1
	group.id = something
	heartbeat.interval.ms = 3000
	interceptor.classes = []
	internal.leave.group.on.close = true
	isolation.level = read_uncommitted
	key.deserializer = class org.apache.kafka.common.serialization.StringDeserializer
	max.partition.fetch.bytes = 1048576
	max.poll.interval.ms = 300000
	max.poll.records = 500
	metadata.max.age.ms = 300000
	metric.reporters = []
	metrics.num.samples = 2
	metrics.recording.level = INFO
	metrics.sample.window.ms = 30000
	partition.assignment.strategy = [class org.apache.kafka.clients.consumer.RangeAssignor]
	receive.buffer.bytes = 65536
	reconnect.backoff.max.ms = 1000
	reconnect.backoff.ms = 50
	request.timeout.ms = 30000
	retry.backoff.ms = 100
	sasl.client.callback.handler.class = null
	sasl.jaas.config = null
	sasl.kerberos.kinit.cmd = /usr/bin/kinit
	sasl.kerberos.min.time.before.relogin = 60000
	sasl.kerberos.service.name = null
	sasl.kerberos.ticket.renew.jitter = 0.05
	sasl.kerberos.ticket.renew.window.factor = 0.8
	sasl.login.callback.handler.class = null
	sasl.login.class = null
	sasl.login.refresh.buffer.seconds = 300
	sasl.login.refresh.min.period.seconds = 60
	sasl.login.refresh.window.factor = 0.8
	sasl.login.refresh.window.jitter = 0.05
	sasl.mechanism = GSSAPI
	security.protocol = PLAINTEXT
	send.buffer.bytes = 131072
	session.timeout.ms = 10000
	ssl.cipher.suites = null
	ssl.enabled.protocols = [TLSv1.2, TLSv1.1, TLSv1]
	ssl.endpoint.identification.algorithm = https
	ssl.key.password = null
	ssl.keymanager.algorithm = SunX509
	ssl.keystore.location = null
	ssl.keystore.password = null
	ssl.keystore.type = JKS
	ssl.protocol = TLS
	ssl.provider = null
	ssl.secure.random.implementation = null
	ssl.trustmanager.algorithm = PKIX
	ssl.truststore.location = null
	ssl.truststore.password = null
	ssl.truststore.type = JKS
	value.deserializer = class org.apache.kafka.common.serialization.StringDeserializer

2020/02/25 23:30:35-202 [main] [INFO] org.apache.kafka.common.utils.AppInfoParser - Kafka version : 2.1.0
2020/02/25 23:30:35-202 [main] [INFO] org.apache.kafka.common.utils.AppInfoParser - Kafka commitId : eec43959745f444f
2020/02/25 23:30:45-150 [main] [INFO] org.apache.kafka.clients.producer.ProducerConfig - ProducerConfig values: 
	acks = 1
	batch.size = 16384
	bootstrap.servers = [localhost:9092]
	buffer.memory = 33554432
	client.dns.lookup = default
	client.id = 
	compression.type = none
	connections.max.idle.ms = 540000
	delivery.timeout.ms = 120000
	enable.idempotence = false
	interceptor.classes = []
	key.serializer = class org.apache.kafka.common.serialization.StringSerializer
	linger.ms = 0
	max.block.ms = 60000
	max.in.flight.requests.per.connection = 5
	max.request.size = 1048576
	metadata.max.age.ms = 300000
	metric.reporters = []
	metrics.num.samples = 2
	metrics.recording.level = INFO
	metrics.sample.window.ms = 30000
	partitioner.class = class org.apache.kafka.clients.producer.internals.DefaultPartitioner
	receive.buffer.bytes = 32768
	reconnect.backoff.max.ms = 1000
	reconnect.backoff.ms = 50
	request.timeout.ms = 30000
	retries = 2147483647
	retry.backoff.ms = 100
	sasl.client.callback.handler.class = null
	sasl.jaas.config = null
	sasl.kerberos.kinit.cmd = /usr/bin/kinit
	sasl.kerberos.min.time.before.relogin = 60000
	sasl.kerberos.service.name = null
	sasl.kerberos.ticket.renew.jitter = 0.05
	sasl.kerberos.ticket.renew.window.factor = 0.8
	sasl.login.callback.handler.class = null
	sasl.login.class = null
	sasl.login.refresh.buffer.seconds = 300
	sasl.login.refresh.min.period.seconds = 60
	sasl.login.refresh.window.factor = 0.8
	sasl.login.refresh.window.jitter = 0.05
	sasl.mechanism = GSSAPI
	security.protocol = PLAINTEXT
	send.buffer.bytes = 131072
	ssl.cipher.suites = null
	ssl.enabled.protocols = [TLSv1.2, TLSv1.1, TLSv1]
	ssl.endpoint.identification.algorithm = https
	ssl.key.password = null
	ssl.keymanager.algorithm = SunX509
	ssl.keystore.location = null
	ssl.keystore.password = null
	ssl.keystore.type = JKS
	ssl.protocol = TLS
	ssl.provider = null
	ssl.secure.random.implementation = null
	ssl.trustmanager.algorithm = PKIX
	ssl.truststore.location = null
	ssl.truststore.password = null
	ssl.truststore.type = JKS
	transaction.timeout.ms = 60000
	transactional.id = null
	value.serializer = class org.apache.kafka.common.serialization.StringSerializer

2020/02/25 23:30:45-154 [main] [INFO] org.apache.kafka.common.utils.AppInfoParser - Kafka version : 2.1.0
2020/02/25 23:30:45-154 [main] [INFO] org.apache.kafka.common.utils.AppInfoParser - Kafka commitId : eec43959745f444f
2020/02/25 23:30:49-222 [kafka-producer-network-thread | producer-3] [INFO] org.apache.kafka.clients.Metadata - Cluster ID: RiYbTyaHQ0qDvoVqD6CmIg
2020/02/25 23:30:56-132 [main] [INFO] org.apache.kafka.clients.producer.KafkaProducer - [Producer clientId=producer-3] Closing the Kafka producer with timeoutMillis = 9223372036854775807 ms.
2020/02/25 23:30:56-137 [main] [INFO] org.apache.kafka.clients.Metadata - Cluster ID: RiYbTyaHQ0qDvoVqD6CmIg
2020/02/25 23:30:56-137 [main] [INFO] org.apache.kafka.clients.consumer.internals.AbstractCoordinator - [Consumer clientId=consumer-3, groupId=something] Discovered group coordinator nikhils-mbp.lan:9092 (id: 2147483647 rack: null)
2020/02/25 23:30:56-137 [main] [INFO] org.apache.kafka.clients.consumer.internals.ConsumerCoordinator - [Consumer clientId=consumer-3, groupId=something] Revoking previously assigned partitions []
2020/02/25 23:30:56-138 [main] [INFO] org.apache.kafka.clients.consumer.internals.AbstractCoordinator - [Consumer clientId=consumer-3, groupId=something] (Re-)joining group
2020/02/25 23:30:56-142 [main] [INFO] org.apache.kafka.clients.consumer.internals.AbstractCoordinator - [Consumer clientId=consumer-3, groupId=something] Successfully joined group with generation 11
2020/02/25 23:30:56-142 [main] [INFO] org.apache.kafka.clients.consumer.internals.ConsumerCoordinator - [Consumer clientId=consumer-3, groupId=something] Setting newly assigned partitions [products-0]
2020/02/25 23:31:25-605 [main] [INFO] org.apache.kafka.clients.consumer.internals.AbstractCoordinator - [Consumer clientId=consumer-3, groupId=something] Sending LeaveGroup request to coordinator nikhils-mbp.lan:9092 (id: 2147483647 rack: null)
